# JRE version: OpenJDK Runtime Environment Temurin-17.0.11+9 (17.0.11+9) (build 17.0.11+9)
# Java VM: OpenJDK 64-Bit Server VM Temurin-17.0.11+9 (17.0.11+9, mixed mode, sharing, tiered, compressed oops, compressed class ptrs, g1 gc, windows-amd64)
GC Precious Log:
 CPUs: 4 total, 4 available
 Memory: 3440M
 Large Page Support: Disabled
 NUMA Support: Disabled
 Compressed Oops: Enabled (32-bit)
 Heap Region Size: 1M
 Heap Min Capacity: 8M
 Heap Initial Capacity: 54M
 Heap Max Capacity: 862M
 Pre-touch: Disabled
 Parallel Workers: 4
 Concurrent Workers: 1
 Concurrent Refinement Workers: 4
 Periodic GC: Disabled
Heap:
 garbage-first heap   total 100352K, used 66604K [0x00000000ca200000, 0x0000000100000000)
  region size 1024K, 34 young (34816K), 4 survivors (4096K)
 Metaspace       used 16747K, committed 17088K, reserved 1114112K
  class space    used 1901K, committed 2048K, reserved 1048576K
GC Heap History (20 events):
Event: 3.417 GC heap before
{Heap before GC invocations=6 (full 0):
 garbage-first heap   total 69632K, used 51921K [0x00000000ca200000, 0x0000000100000000)
  region size 1024K, 32 young (32768K), 2 survivors (2048K)
 Metaspace       used 4918K, committed 5120K, reserved 1114112K
  class space    used 475K, committed 576K, reserved 1048576K
}
Event: 3.420 GC heap after
{Heap after GC invocations=7 (full 0):
 garbage-first heap   total 69632K, used 20664K [0x00000000ca200000, 0x0000000100000000)
  region size 1024K, 1 young (1024K), 1 survivors (1024K)
 Metaspace       used 4918K, committed 5120K, reserved 1114112K
  class space    used 475K, committed 576K, reserved 1048576K
}
Event: 4.016 GC heap before
{Heap before GC invocations=7 (full 0):
 garbage-first heap   total 69632K, used 53432K [0x00000000ca200000, 0x0000000100000000)
  region size 1024K, 33 young (33792K), 1 survivors (1024K)
 Metaspace       used 5003K, committed 5184K, reserved 1114112K
  class space    used 475K, committed 576K, reserved 1048576K
}
Event: 4.021 GC heap after
{Heap after GC invocations=8 (full 0):
 garbage-first heap   total 69632K, used 21902K [0x00000000ca200000, 0x0000000100000000)
  region size 1024K, 2 young (2048K), 2 survivors (2048K)
 Metaspace       used 5003K, committed 5184K, reserved 1114112K
  class space    used 475K, committed 576K, reserved 1048576K
}
Event: 4.403 GC heap before
{Heap before GC invocations=8 (full 0):
 garbage-first heap   total 69632K, used 53646K [0x00000000ca200000, 0x0000000100000000)
  region size 1024K, 33 young (33792K), 2 survivors (2048K)
 Metaspace       used 5069K, committed 5312K, reserved 1114112K
  class space    used 483K, committed 640K, reserved 1048576K
}
Event: 4.407 GC heap after
{Heap after GC invocations=9 (full 0):
 garbage-first heap   total 69632K, used 23429K [0x00000000ca200000, 0x0000000100000000)
  region size 1024K, 4 young (4096K), 4 survivors (4096K)
 Metaspace       used 5069K, committed 5312K, reserved 1114112K
  class space    used 483K, committed 640K, reserved 1048576K
}
Event: 4.678 GC heap before
{Heap before GC invocations=9 (full 0):
 garbage-first heap   total 69632K, used 53125K [0x00000000ca200000, 0x0000000100000000)
  region size 1024K, 33 young (33792K), 4 survivors (4096K)
 Metaspace       used 5103K, committed 5312K, reserved 1114112K
  class space    used 484K, committed 640K, reserved 1048576K
}
Event: 4.689 GC heap after
{Heap after GC invocations=10 (full 0):
 garbage-first heap   total 69632K, used 26379K [0x00000000ca200000, 0x0000000100000000)
  region size 1024K, 5 young (5120K), 5 survivors (5120K)
 Metaspace       used 5103K, committed 5312K, reserved 1114112K
  class space    used 484K, committed 640K, reserved 1048576K
}
Event: 4.895 GC heap before
{Heap before GC invocations=10 (full 0):
 garbage-first heap   total 69632K, used 53003K [0x00000000ca200000, 0x0000000100000000)
  region size 1024K, 31 young (31744K), 5 survivors (5120K)
 Metaspace       used 5107K, committed 5376K, reserved 1114112K
  class space    used 484K, committed 640K, reserved 1048576K
}
Event: 4.903 GC heap after
{Heap after GC invocations=11 (full 0):
 garbage-first heap   total 69632K, used 26938K [0x00000000ca200000, 0x0000000100000000)
  region size 1024K, 2 young (2048K), 2 survivors (2048K)
 Metaspace       used 5107K, committed 5376K, reserved 1114112K
  class space    used 484K, committed 640K, reserved 1048576K
}
Event: 5.057 GC heap before
{Heap before GC invocations=11 (full 0):
 garbage-first heap   total 69632K, used 56634K [0x00000000ca200000, 0x0000000100000000)
  region size 1024K, 29 young (29696K), 2 survivors (2048K)
 Metaspace       used 5111K, committed 5376K, reserved 1114112K
  class space    used 484K, committed 640K, reserved 1048576K
}
Event: 5.066 GC heap after
{Heap after GC invocations=12 (full 0):
 garbage-first heap   total 100352K, used 32174K [0x00000000ca200000, 0x0000000100000000)
  region size 1024K, 4 young (4096K), 4 survivors (4096K)
 Metaspace       used 5111K, committed 5376K, reserved 1114112K
  class space    used 484K, committed 640K, reserved 1048576K
}
Event: 5.234 GC heap before
{Heap before GC invocations=12 (full 0):
 garbage-first heap   total 100352K, used 77230K [0x00000000ca200000, 0x0000000100000000)
  region size 1024K, 48 young (49152K), 4 survivors (4096K)
 Metaspace       used 5111K, committed 5376K, reserved 1114112K
  class space    used 484K, committed 640K, reserved 1048576K
}
Event: 5.244 GC heap after
{Heap after GC invocations=13 (full 0):
 garbage-first heap   total 100352K, used 33238K [0x00000000ca200000, 0x0000000100000000)
  region size 1024K, 1 young (1024K), 1 survivors (1024K)
 Metaspace       used 5111K, committed 5376K, reserved 1114112K
  class space    used 484K, committed 640K, reserved 1048576K
}
Event: 5.565 GC heap before
{Heap before GC invocations=13 (full 0):
 garbage-first heap   total 100352K, used 80342K [0x00000000ca200000, 0x0000000100000000)
  region size 1024K, 47 young (48128K), 1 survivors (1024K)
 Metaspace       used 5128K, committed 5376K, reserved 1114112K
  class space    used 484K, committed 640K, reserved 1048576K
}
Event: 5.569 GC heap after
{Heap after GC invocations=14 (full 0):
 garbage-first heap   total 100352K, used 34210K [0x00000000ca200000, 0x0000000100000000)
  region size 1024K, 2 young (2048K), 2 survivors (2048K)
 Metaspace       used 5128K, committed 5376K, reserved 1114112K
  class space    used 484K, committed 640K, reserved 1048576K
}
Event: 6.712 GC heap before
{Heap before GC invocations=14 (full 0):
 garbage-first heap   total 100352K, used 81314K [0x00000000ca200000, 0x0000000100000000)
  region size 1024K, 48 young (49152K), 2 survivors (2048K)
 Metaspace       used 7420K, committed 7680K, reserved 1114112K
  class space    used 782K, committed 896K, reserved 1048576K
}
Event: 6.724 GC heap after
{Heap after GC invocations=15 (full 0):
 garbage-first heap   total 100352K, used 36200K [0x00000000ca200000, 0x0000000100000000)
  region size 1024K, 4 young (4096K), 4 survivors (4096K)
 Metaspace       used 7420K, committed 7680K, reserved 1114112K
  class space    used 782K, committed 896K, reserved 1048576K
}
Event: 7.856 GC heap before
{Heap before GC invocations=15 (full 0):
 garbage-first heap   total 100352K, used 81256K [0x00000000ca200000, 0x0000000100000000)
  region size 1024K, 48 young (49152K), 4 survivors (4096K)
 Metaspace       used 11759K, committed 12032K, reserved 1114112K
  class space    used 1314K, committed 1472K, reserved 1048576K
}
Event: 7.871 GC heap after
{Heap after GC invocations=16 (full 0):
 garbage-first heap   total 100352K, used 37932K [0x00000000ca200000, 0x0000000100000000)
  region size 1024K, 4 young (4096K), 4 survivors (4096K)
 Metaspace       used 11759K, committed 12032K, reserved 1114112K
  class space    used 1314K, committed 1472K, reserved 1048576K
}

