# JRE version: OpenJDK Runtime Environment Temurin-17.0.11+9 (17.0.11+9) (build 17.0.11+9)
# Java VM: OpenJDK 64-Bit Server VM Temurin-17.0.11+9 (17.0.11+9, mixed mode, sharing, tiered, compressed oops, compressed class ptrs, g1 gc, windows-amd64)
GC Precious Log:
 CPUs: 4 total, 4 available
 Memory: 3440M
 Large Page Support: Disabled
 NUMA Support: Disabled
 Compressed Oops: Enabled (32-bit)
 Heap Region Size: 1M
 Heap Min Capacity: 8M
 Heap Initial Capacity: 54M
 Heap Max Capacity: 862M
 Pre-touch: Disabled
 Parallel Workers: 4
 Concurrent Workers: 1
 Concurrent Refinement Workers: 4
 Periodic GC: Disabled
Heap:
 garbage-first heap   total 95232K, used 59598K [0x00000000ca200000, 0x0000000100000000)
  region size 1024K, 27 young (27648K), 4 survivors (4096K)
 Metaspace       used 16801K, committed 17152K, reserved 1114112K
  class space    used 1903K, committed 2048K, reserved 1048576K
GC Heap History (20 events):
Event: 4.701 GC heap before
{Heap before GC invocations=7 (full 0):
 garbage-first heap   total 66560K, used 49230K [0x00000000ca200000, 0x0000000100000000)
  region size 1024K, 29 young (29696K), 1 survivors (1024K)
 Metaspace       used 4954K, committed 5184K, reserved 1114112K
  class space    used 475K, committed 576K, reserved 1048576K
}
Event: 4.703 GC heap after
{Heap after GC invocations=8 (full 0):
 garbage-first heap   total 66560K, used 21089K [0x00000000ca200000, 0x0000000100000000)
  region size 1024K, 2 young (2048K), 2 survivors (2048K)
 Metaspace       used 4954K, committed 5184K, reserved 1114112K
  class space    used 475K, committed 576K, reserved 1048576K
}
Event: 5.265 GC heap before
{Heap before GC invocations=8 (full 0):
 garbage-first heap   total 66560K, used 49761K [0x00000000ca200000, 0x0000000100000000)
  region size 1024K, 30 young (30720K), 2 survivors (2048K)
 Metaspace       used 5069K, committed 5312K, reserved 1114112K
  class space    used 483K, committed 640K, reserved 1048576K
}
Event: 5.268 GC heap after
{Heap after GC invocations=9 (full 0):
 garbage-first heap   total 66560K, used 22447K [0x00000000ca200000, 0x0000000100000000)
  region size 1024K, 3 young (3072K), 3 survivors (3072K)
 Metaspace       used 5069K, committed 5312K, reserved 1114112K
  class space    used 483K, committed 640K, reserved 1048576K
}
Event: 5.551 GC heap before
{Heap before GC invocations=9 (full 0):
 garbage-first heap   total 66560K, used 50095K [0x00000000ca200000, 0x0000000100000000)
  region size 1024K, 30 young (30720K), 3 survivors (3072K)
 Metaspace       used 5110K, committed 5376K, reserved 1114112K
  class space    used 484K, committed 640K, reserved 1048576K
}
Event: 5.558 GC heap after
{Heap after GC invocations=10 (full 0):
 garbage-first heap   total 66560K, used 24172K [0x00000000ca200000, 0x0000000100000000)
  region size 1024K, 4 young (4096K), 4 survivors (4096K)
 Metaspace       used 5110K, committed 5376K, reserved 1114112K
  class space    used 484K, committed 640K, reserved 1048576K
}
Event: 5.661 GC heap before
{Heap before GC invocations=10 (full 0):
 garbage-first heap   total 66560K, used 50796K [0x00000000ca200000, 0x0000000100000000)
  region size 1024K, 30 young (30720K), 4 survivors (4096K)
 Metaspace       used 5120K, committed 5376K, reserved 1114112K
  class space    used 484K, committed 640K, reserved 1048576K
}
Event: 5.667 GC heap after
{Heap after GC invocations=11 (full 0):
 garbage-first heap   total 66560K, used 25770K [0x00000000ca200000, 0x0000000100000000)
  region size 1024K, 4 young (4096K), 4 survivors (4096K)
 Metaspace       used 5120K, committed 5376K, reserved 1114112K
  class space    used 484K, committed 640K, reserved 1048576K
}
Event: 5.901 GC heap before
{Heap before GC invocations=11 (full 0):
 garbage-first heap   total 66560K, used 53418K [0x00000000ca200000, 0x0000000100000000)
  region size 1024K, 29 young (29696K), 4 survivors (4096K)
 Metaspace       used 5129K, committed 5376K, reserved 1114112K
  class space    used 484K, committed 640K, reserved 1048576K
}
Event: 5.909 GC heap after
{Heap after GC invocations=12 (full 0):
 garbage-first heap   total 95232K, used 31113K [0x00000000ca200000, 0x0000000100000000)
  region size 1024K, 4 young (4096K), 4 survivors (4096K)
 Metaspace       used 5129K, committed 5376K, reserved 1114112K
  class space    used 484K, committed 640K, reserved 1048576K
}
Event: 6.051 GC heap before
{Heap before GC invocations=12 (full 0):
 garbage-first heap   total 95232K, used 69001K [0x00000000ca200000, 0x0000000100000000)
  region size 1024K, 41 young (41984K), 4 survivors (4096K)
 Metaspace       used 5129K, committed 5376K, reserved 1114112K
  class space    used 484K, committed 640K, reserved 1048576K
}
Event: 6.058 GC heap after
{Heap after GC invocations=13 (full 0):
 garbage-first heap   total 95232K, used 32537K [0x00000000ca200000, 0x0000000100000000)
  region size 1024K, 4 young (4096K), 4 survivors (4096K)
 Metaspace       used 5129K, committed 5376K, reserved 1114112K
  class space    used 484K, committed 640K, reserved 1048576K
}
Event: 6.212 GC heap before
{Heap before GC invocations=13 (full 0):
 garbage-first heap   total 95232K, used 75545K [0x00000000ca200000, 0x0000000100000000)
  region size 1024K, 46 young (47104K), 4 survivors (4096K)
 Metaspace       used 5129K, committed 5376K, reserved 1114112K
  class space    used 484K, committed 640K, reserved 1048576K
}
Event: 6.217 GC heap after
{Heap after GC invocations=14 (full 0):
 garbage-first heap   total 95232K, used 32448K [0x00000000ca200000, 0x0000000100000000)
  region size 1024K, 1 young (1024K), 1 survivors (1024K)
 Metaspace       used 5129K, committed 5376K, reserved 1114112K
  class space    used 484K, committed 640K, reserved 1048576K
}
Event: 6.811 GC heap before
{Heap before GC invocations=14 (full 0):
 garbage-first heap   total 95232K, used 77504K [0x00000000ca200000, 0x0000000100000000)
  region size 1024K, 45 young (46080K), 1 survivors (1024K)
 Metaspace       used 5290K, committed 5568K, reserved 1114112K
  class space    used 503K, committed 640K, reserved 1048576K
}
Event: 6.818 GC heap after
{Heap after GC invocations=15 (full 0):
 garbage-first heap   total 95232K, used 34769K [0x00000000ca200000, 0x0000000100000000)
  region size 1024K, 4 young (4096K), 4 survivors (4096K)
 Metaspace       used 5290K, committed 5568K, reserved 1114112K
  class space    used 503K, committed 640K, reserved 1048576K
}
Event: 7.686 GC heap before
{Heap before GC invocations=15 (full 0):
 garbage-first heap   total 95232K, used 75729K [0x00000000ca200000, 0x0000000100000000)
  region size 1024K, 44 young (45056K), 4 survivors (4096K)
 Metaspace       used 8868K, committed 9088K, reserved 1114112K
  class space    used 988K, committed 1088K, reserved 1048576K
}
Event: 7.695 GC heap after
{Heap after GC invocations=16 (full 0):
 garbage-first heap   total 95232K, used 35626K [0x00000000ca200000, 0x0000000100000000)
  region size 1024K, 4 young (4096K), 4 survivors (4096K)
 Metaspace       used 8868K, committed 9088K, reserved 1114112K
  class space    used 988K, committed 1088K, reserved 1048576K
}
Event: 8.864 GC heap before
{Heap before GC invocations=16 (full 0):
 garbage-first heap   total 95232K, used 76586K [0x00000000ca200000, 0x0000000100000000)
  region size 1024K, 44 young (45056K), 4 survivors (4096K)
 Metaspace       used 13612K, committed 13888K, reserved 1114112K
  class space    used 1527K, committed 1664K, reserved 1048576K
}
Event: 8.879 GC heap after
{Heap after GC invocations=17 (full 0):
 garbage-first heap   total 95232K, used 38094K [0x00000000ca200000, 0x0000000100000000)
  region size 1024K, 4 young (4096K), 4 survivors (4096K)
 Metaspace       used 13612K, committed 13888K, reserved 1114112K
  class space    used 1527K, committed 1664K, reserved 1048576K
}

