# JRE version: OpenJDK Runtime Environment Temurin-17.0.11+9 (17.0.11+9) (build 17.0.11+9)
# Java VM: OpenJDK 64-Bit Server VM Temurin-17.0.11+9 (17.0.11+9, mixed mode, sharing, tiered, compressed oops, compressed class ptrs, g1 gc, windows-amd64)
GC Precious Log:
 CPUs: 4 total, 4 available
 Memory: 3440M
 Large Page Support: Disabled
 NUMA Support: Disabled
 Compressed Oops: Enabled (32-bit)
 Heap Region Size: 1M
 Heap Min Capacity: 8M
 Heap Initial Capacity: 54M
 Heap Max Capacity: 862M
 Pre-touch: Disabled
 Parallel Workers: 4
 Concurrent Workers: 1
 Concurrent Refinement Workers: 4
 Periodic GC: Disabled
Heap:
 garbage-first heap   total 97280K, used 40736K [0x00000000ca200000, 0x0000000100000000)
  region size 1024K, 7 young (7168K), 4 survivors (4096K)
 Metaspace       used 16755K, committed 17088K, reserved 1114112K
  class space    used 1901K, committed 2048K, reserved 1048576K
GC Heap History (20 events):
Event: 11.564 GC heap before
{Heap before GC invocations=7 (full 0):
 garbage-first heap   total 67584K, used 51505K [0x00000000ca200000, 0x0000000100000000)
  region size 1024K, 31 young (31744K), 1 survivors (1024K)
 Metaspace       used 5003K, committed 5184K, reserved 1114112K
  class space    used 475K, committed 576K, reserved 1048576K
}
Event: 11.568 GC heap after
{Heap after GC invocations=8 (full 0):
 garbage-first heap   total 67584K, used 21810K [0x00000000ca200000, 0x0000000100000000)
  region size 1024K, 2 young (2048K), 2 survivors (2048K)
 Metaspace       used 5003K, committed 5184K, reserved 1114112K
  class space    used 475K, committed 576K, reserved 1048576K
}
Event: 11.936 GC heap before
{Heap before GC invocations=8 (full 0):
 garbage-first heap   total 67584K, used 51506K [0x00000000ca200000, 0x0000000100000000)
  region size 1024K, 31 young (31744K), 2 survivors (2048K)
 Metaspace       used 5067K, committed 5312K, reserved 1114112K
  class space    used 483K, committed 640K, reserved 1048576K
}
Event: 11.941 GC heap after
{Heap after GC invocations=9 (full 0):
 garbage-first heap   total 67584K, used 23282K [0x00000000ca200000, 0x0000000100000000)
  region size 1024K, 4 young (4096K), 4 survivors (4096K)
 Metaspace       used 5067K, committed 5312K, reserved 1114112K
  class space    used 483K, committed 640K, reserved 1048576K
}
Event: 12.236 GC heap before
{Heap before GC invocations=9 (full 0):
 garbage-first heap   total 67584K, used 51954K [0x00000000ca200000, 0x0000000100000000)
  region size 1024K, 32 young (32768K), 4 survivors (4096K)
 Metaspace       used 5110K, committed 5376K, reserved 1114112K
  class space    used 484K, committed 640K, reserved 1048576K
}
Event: 12.243 GC heap after
{Heap after GC invocations=10 (full 0):
 garbage-first heap   total 67584K, used 26247K [0x00000000ca200000, 0x0000000100000000)
  region size 1024K, 4 young (4096K), 4 survivors (4096K)
 Metaspace       used 5110K, committed 5376K, reserved 1114112K
  class space    used 484K, committed 640K, reserved 1048576K
}
Event: 12.439 GC heap before
{Heap before GC invocations=10 (full 0):
 garbage-first heap   total 67584K, used 51847K [0x00000000ca200000, 0x0000000100000000)
  region size 1024K, 29 young (29696K), 4 survivors (4096K)
 Metaspace       used 5112K, committed 5376K, reserved 1114112K
  class space    used 484K, committed 640K, reserved 1048576K
}
Event: 12.446 GC heap after
{Heap after GC invocations=11 (full 0):
 garbage-first heap   total 67584K, used 26138K [0x00000000ca200000, 0x0000000100000000)
  region size 1024K, 1 young (1024K), 1 survivors (1024K)
 Metaspace       used 5112K, committed 5376K, reserved 1114112K
  class space    used 484K, committed 640K, reserved 1048576K
}
Event: 12.684 GC heap before
{Heap before GC invocations=11 (full 0):
 garbage-first heap   total 67584K, used 54810K [0x00000000ca200000, 0x0000000100000000)
  region size 1024K, 27 young (27648K), 1 survivors (1024K)
 Metaspace       used 5119K, committed 5376K, reserved 1114112K
  class space    used 484K, committed 640K, reserved 1048576K
}
Event: 12.692 GC heap after
{Heap after GC invocations=12 (full 0):
 garbage-first heap   total 97280K, used 31744K [0x00000000ca200000, 0x0000000100000000)
  region size 1024K, 4 young (4096K), 4 survivors (4096K)
 Metaspace       used 5119K, committed 5376K, reserved 1114112K
  class space    used 484K, committed 640K, reserved 1048576K
}
Event: 12.949 GC heap before
{Heap before GC invocations=12 (full 0):
 garbage-first heap   total 97280K, used 77824K [0x00000000ca200000, 0x0000000100000000)
  region size 1024K, 49 young (50176K), 4 survivors (4096K)
 Metaspace       used 5119K, committed 5376K, reserved 1114112K
  class space    used 484K, committed 640K, reserved 1048576K
}
Event: 12.954 GC heap after
{Heap after GC invocations=13 (full 0):
 garbage-first heap   total 97280K, used 31690K [0x00000000ca200000, 0x0000000100000000)
  region size 1024K, 1 young (1024K), 1 survivors (1024K)
 Metaspace       used 5119K, committed 5376K, reserved 1114112K
  class space    used 484K, committed 640K, reserved 1048576K
}
Event: 13.212 GC heap before
{Heap before GC invocations=13 (full 0):
 garbage-first heap   total 97280K, used 78794K [0x00000000ca200000, 0x0000000100000000)
  region size 1024K, 47 young (48128K), 1 survivors (1024K)
 Metaspace       used 5120K, committed 5376K, reserved 1114112K
  class space    used 484K, committed 640K, reserved 1048576K
}
Event: 13.214 GC heap after
{Heap after GC invocations=14 (full 0):
 garbage-first heap   total 97280K, used 32374K [0x00000000ca200000, 0x0000000100000000)
  region size 1024K, 2 young (2048K), 2 survivors (2048K)
 Metaspace       used 5120K, committed 5376K, reserved 1114112K
  class space    used 484K, committed 640K, reserved 1048576K
}
Event: 14.090 GC heap before
{Heap before GC invocations=14 (full 0):
 garbage-first heap   total 97280K, used 78454K [0x00000000ca200000, 0x0000000100000000)
  region size 1024K, 47 young (48128K), 2 survivors (2048K)
 Metaspace       used 6001K, committed 6272K, reserved 1114112K
  class space    used 580K, committed 704K, reserved 1048576K
}
Event: 14.098 GC heap after
{Heap after GC invocations=15 (full 0):
 garbage-first heap   total 97280K, used 34770K [0x00000000ca200000, 0x0000000100000000)
  region size 1024K, 4 young (4096K), 4 survivors (4096K)
 Metaspace       used 6001K, committed 6272K, reserved 1114112K
  class space    used 580K, committed 704K, reserved 1048576K
}
Event: 15.033 GC heap before
{Heap before GC invocations=15 (full 0):
 garbage-first heap   total 97280K, used 78802K [0x00000000ca200000, 0x0000000100000000)
  region size 1024K, 47 young (48128K), 4 survivors (4096K)
 Metaspace       used 9494K, committed 9792K, reserved 1114112K
  class space    used 1059K, committed 1216K, reserved 1048576K
}
Event: 15.045 GC heap after
{Heap after GC invocations=16 (full 0):
 garbage-first heap   total 97280K, used 36117K [0x00000000ca200000, 0x0000000100000000)
  region size 1024K, 4 young (4096K), 4 survivors (4096K)
 Metaspace       used 9494K, committed 9792K, reserved 1114112K
  class space    used 1059K, committed 1216K, reserved 1048576K
}
Event: 16.598 GC heap before
{Heap before GC invocations=16 (full 0):
 garbage-first heap   total 97280K, used 78101K [0x00000000ca200000, 0x0000000100000000)
  region size 1024K, 46 young (47104K), 4 survivors (4096K)
 Metaspace       used 16102K, committed 16384K, reserved 1114112K
  class space    used 1865K, committed 2048K, reserved 1048576K
}
Event: 16.614 GC heap after
{Heap after GC invocations=17 (full 0):
 garbage-first heap   total 97280K, used 38688K [0x00000000ca200000, 0x0000000100000000)
  region size 1024K, 4 young (4096K), 4 survivors (4096K)
 Metaspace       used 16102K, committed 16384K, reserved 1114112K
  class space    used 1865K, committed 2048K, reserved 1048576K
}

