# JRE version: OpenJDK Runtime Environment Temurin-17.0.11+9 (17.0.11+9) (build 17.0.11+9)
# Java VM: OpenJDK 64-Bit Server VM Temurin-17.0.11+9 (17.0.11+9, mixed mode, sharing, tiered, compressed oops, compressed class ptrs, g1 gc, windows-amd64)
GC Precious Log:
 CPUs: 4 total, 4 available
 Memory: 3440M
 Large Page Support: Disabled
 NUMA Support: Disabled
 Compressed Oops: Enabled (32-bit)
 Heap Region Size: 1M
 Heap Min Capacity: 8M
 Heap Initial Capacity: 54M
 Heap Max Capacity: 862M
 Pre-touch: Disabled
 Parallel Workers: 4
 Concurrent Workers: 1
 Concurrent Refinement Workers: 4
 Periodic GC: Disabled
Heap:
 garbage-first heap   total 118784K, used 48827K [0x00000000ca200000, 0x0000000100000000)
  region size 1024K, 15 young (15360K), 4 survivors (4096K)
 Metaspace       used 16763K, committed 17088K, reserved 1114112K
  class space    used 1901K, committed 2048K, reserved 1048576K
GC Heap History (20 events):
Event: 4.918 GC heap before
{Heap before GC invocations=7 (full 0):
 garbage-first heap   total 66560K, used 49875K [0x00000000ca200000, 0x0000000100000000)
  region size 1024K, 29 young (29696K), 1 survivors (1024K)
 Metaspace       used 4948K, committed 5184K, reserved 1114112K
  class space    used 475K, committed 576K, reserved 1048576K
}
Event: 4.921 GC heap after
{Heap after GC invocations=8 (full 0):
 garbage-first heap   total 66560K, used 21525K [0x00000000ca200000, 0x0000000100000000)
  region size 1024K, 2 young (2048K), 2 survivors (2048K)
 Metaspace       used 4948K, committed 5184K, reserved 1114112K
  class space    used 475K, committed 576K, reserved 1048576K
}
Event: 5.488 GC heap before
{Heap before GC invocations=8 (full 0):
 garbage-first heap   total 66560K, used 50197K [0x00000000ca200000, 0x0000000100000000)
  region size 1024K, 30 young (30720K), 2 survivors (2048K)
 Metaspace       used 5077K, committed 5312K, reserved 1114112K
  class space    used 483K, committed 640K, reserved 1048576K
}
Event: 5.492 GC heap after
{Heap after GC invocations=9 (full 0):
 garbage-first heap   total 66560K, used 23139K [0x00000000ca200000, 0x0000000100000000)
  region size 1024K, 3 young (3072K), 3 survivors (3072K)
 Metaspace       used 5077K, committed 5312K, reserved 1114112K
  class space    used 483K, committed 640K, reserved 1048576K
}
Event: 5.816 GC heap before
{Heap before GC invocations=9 (full 0):
 garbage-first heap   total 66560K, used 50787K [0x00000000ca200000, 0x0000000100000000)
  region size 1024K, 30 young (30720K), 3 survivors (3072K)
 Metaspace       used 5099K, committed 5312K, reserved 1114112K
  class space    used 484K, committed 640K, reserved 1048576K
}
Event: 5.823 GC heap after
{Heap after GC invocations=10 (full 0):
 garbage-first heap   total 66560K, used 24449K [0x00000000ca200000, 0x0000000100000000)
  region size 1024K, 3 young (3072K), 3 survivors (3072K)
 Metaspace       used 5099K, committed 5312K, reserved 1114112K
  class space    used 484K, committed 640K, reserved 1048576K
}
Event: 6.014 GC heap before
{Heap before GC invocations=10 (full 0):
 garbage-first heap   total 66560K, used 52097K [0x00000000ca200000, 0x0000000100000000)
  region size 1024K, 30 young (30720K), 3 survivors (3072K)
 Metaspace       used 5112K, committed 5376K, reserved 1114112K
  class space    used 484K, committed 640K, reserved 1048576K
}
Event: 6.024 GC heap after
{Heap after GC invocations=11 (full 0):
 garbage-first heap   total 66560K, used 26666K [0x00000000ca200000, 0x0000000100000000)
  region size 1024K, 4 young (4096K), 4 survivors (4096K)
 Metaspace       used 5112K, committed 5376K, reserved 1114112K
  class space    used 484K, committed 640K, reserved 1048576K
}
Event: 6.305 GC heap before
{Heap before GC invocations=11 (full 0):
 garbage-first heap   total 66560K, used 52266K [0x00000000ca200000, 0x0000000100000000)
  region size 1024K, 27 young (27648K), 4 survivors (4096K)
 Metaspace       used 5121K, committed 5376K, reserved 1114112K
  class space    used 484K, committed 640K, reserved 1048576K
}
Event: 6.315 GC heap after
{Heap after GC invocations=12 (full 0):
 garbage-first heap   total 98304K, used 30283K [0x00000000ca200000, 0x0000000100000000)
  region size 1024K, 3 young (3072K), 3 survivors (3072K)
 Metaspace       used 5121K, committed 5376K, reserved 1114112K
  class space    used 484K, committed 640K, reserved 1048576K
}
Event: 6.501 GC heap before
{Heap before GC invocations=12 (full 0):
 garbage-first heap   total 98304K, used 76363K [0x00000000ca200000, 0x0000000100000000)
  region size 1024K, 48 young (49152K), 3 survivors (3072K)
 Metaspace       used 5121K, committed 5376K, reserved 1114112K
  class space    used 484K, committed 640K, reserved 1048576K
}
Event: 6.509 GC heap after
{Heap after GC invocations=13 (full 0):
 garbage-first heap   total 98304K, used 32470K [0x00000000ca200000, 0x0000000100000000)
  region size 1024K, 5 young (5120K), 5 survivors (5120K)
 Metaspace       used 5121K, committed 5376K, reserved 1114112K
  class space    used 484K, committed 640K, reserved 1048576K
}
Event: 6.684 GC heap before
{Heap before GC invocations=13 (full 0):
 garbage-first heap   total 98304K, used 76502K [0x00000000ca200000, 0x0000000100000000)
  region size 1024K, 48 young (49152K), 5 survivors (5120K)
 Metaspace       used 5121K, committed 5376K, reserved 1114112K
  class space    used 484K, committed 640K, reserved 1048576K
}
Event: 6.691 GC heap after
{Heap after GC invocations=14 (full 0):
 garbage-first heap   total 98304K, used 32210K [0x00000000ca200000, 0x0000000100000000)
  region size 1024K, 3 young (3072K), 3 survivors (3072K)
 Metaspace       used 5121K, committed 5376K, reserved 1114112K
  class space    used 484K, committed 640K, reserved 1048576K
}
Event: 7.390 GC heap before
{Heap before GC invocations=14 (full 0):
 garbage-first heap   total 98304K, used 76242K [0x00000000ca200000, 0x0000000100000000)
  region size 1024K, 46 young (47104K), 3 survivors (3072K)
 Metaspace       used 5403K, committed 5632K, reserved 1114112K
  class space    used 518K, committed 640K, reserved 1048576K
}
Event: 7.399 GC heap after
{Heap after GC invocations=15 (full 0):
 garbage-first heap   total 98304K, used 34519K [0x00000000ca200000, 0x0000000100000000)
  region size 1024K, 5 young (5120K), 5 survivors (5120K)
 Metaspace       used 5403K, committed 5632K, reserved 1114112K
  class space    used 518K, committed 640K, reserved 1048576K
}
Event: 8.400 GC heap before
{Heap before GC invocations=15 (full 0):
 garbage-first heap   total 98304K, used 78551K [0x00000000ca200000, 0x0000000100000000)
  region size 1024K, 48 young (49152K), 5 survivors (5120K)
 Metaspace       used 9477K, committed 9792K, reserved 1114112K
  class space    used 1059K, committed 1216K, reserved 1048576K
}
Event: 8.418 GC heap after
{Heap after GC invocations=16 (full 0):
 garbage-first heap   total 98304K, used 36200K [0x00000000ca200000, 0x0000000100000000)
  region size 1024K, 5 young (5120K), 5 survivors (5120K)
 Metaspace       used 9477K, committed 9792K, reserved 1114112K
  class space    used 1059K, committed 1216K, reserved 1048576K
}
Event: 9.773 GC heap before
{Heap before GC invocations=16 (full 0):
 garbage-first heap   total 98304K, used 80232K [0x00000000ca200000, 0x0000000100000000)
  region size 1024K, 48 young (49152K), 5 survivors (5120K)
 Metaspace       used 15243K, committed 15552K, reserved 1114112K
  class space    used 1752K, committed 1920K, reserved 1048576K
}
Event: 9.793 GC heap after
{Heap after GC invocations=17 (full 0):
 garbage-first heap   total 118784K, used 38587K [0x00000000ca200000, 0x0000000100000000)
  region size 1024K, 4 young (4096K), 4 survivors (4096K)
 Metaspace       used 15243K, committed 15552K, reserved 1114112K
  class space    used 1752K, committed 1920K, reserved 1048576K
}

