# JRE version: OpenJDK Runtime Environment Temurin-17.0.11+9 (17.0.11+9) (build 17.0.11+9)
# Java VM: OpenJDK 64-Bit Server VM Temurin-17.0.11+9 (17.0.11+9, mixed mode, sharing, tiered, compressed oops, compressed class ptrs, g1 gc, windows-amd64)
GC Precious Log:
 CPUs: 4 total, 4 available
 Memory: 3440M
 Large Page Support: Disabled
 NUMA Support: Disabled
 Compressed Oops: Enabled (32-bit)
 Heap Region Size: 1M
 Heap Min Capacity: 8M
 Heap Initial Capacity: 54M
 Heap Max Capacity: 862M
 Pre-touch: Disabled
 Parallel Workers: 4
 Concurrent Workers: 1
 Concurrent Refinement Workers: 4
 Periodic GC: Disabled
Heap:
 garbage-first heap   total 99328K, used 68387K [0x00000000ca200000, 0x0000000100000000)
  region size 1024K, 35 young (35840K), 4 survivors (4096K)
 Metaspace       used 16765K, committed 17088K, reserved 1114112K
  class space    used 1901K, committed 2048K, reserved 1048576K
GC Heap History (20 events):
Event: 3.164 GC heap before
{Heap before GC invocations=6 (full 0):
 garbage-first heap   total 70656K, used 51913K [0x00000000ca200000, 0x0000000100000000)
  region size 1024K, 32 young (32768K), 1 survivors (1024K)
 Metaspace       used 4925K, committed 5120K, reserved 1114112K
  class space    used 475K, committed 576K, reserved 1048576K
}
Event: 3.166 GC heap after
{Heap after GC invocations=7 (full 0):
 garbage-first heap   total 70656K, used 20351K [0x00000000ca200000, 0x0000000100000000)
  region size 1024K, 1 young (1024K), 1 survivors (1024K)
 Metaspace       used 4925K, committed 5120K, reserved 1114112K
  class space    used 475K, committed 576K, reserved 1048576K
}
Event: 4.051 GC heap before
{Heap before GC invocations=7 (full 0):
 garbage-first heap   total 70656K, used 54143K [0x00000000ca200000, 0x0000000100000000)
  region size 1024K, 34 young (34816K), 1 survivors (1024K)
 Metaspace       used 5010K, committed 5248K, reserved 1114112K
  class space    used 475K, committed 576K, reserved 1048576K
}
Event: 4.054 GC heap after
{Heap after GC invocations=8 (full 0):
 garbage-first heap   total 70656K, used 21632K [0x00000000ca200000, 0x0000000100000000)
  region size 1024K, 2 young (2048K), 2 survivors (2048K)
 Metaspace       used 5010K, committed 5248K, reserved 1114112K
  class space    used 475K, committed 576K, reserved 1048576K
}
Event: 4.777 GC heap before
{Heap before GC invocations=8 (full 0):
 garbage-first heap   total 70656K, used 53376K [0x00000000ca200000, 0x0000000100000000)
  region size 1024K, 33 young (33792K), 2 survivors (2048K)
 Metaspace       used 5077K, committed 5312K, reserved 1114112K
  class space    used 483K, committed 640K, reserved 1048576K
}
Event: 4.782 GC heap after
{Heap after GC invocations=9 (full 0):
 garbage-first heap   total 70656K, used 23187K [0x00000000ca200000, 0x0000000100000000)
  region size 1024K, 4 young (4096K), 4 survivors (4096K)
 Metaspace       used 5077K, committed 5312K, reserved 1114112K
  class space    used 483K, committed 640K, reserved 1048576K
}
Event: 5.111 GC heap before
{Heap before GC invocations=9 (full 0):
 garbage-first heap   total 70656K, used 53907K [0x00000000ca200000, 0x0000000100000000)
  region size 1024K, 34 young (34816K), 4 survivors (4096K)
 Metaspace       used 5118K, committed 5376K, reserved 1114112K
  class space    used 484K, committed 640K, reserved 1048576K
}
Event: 5.125 GC heap after
{Heap after GC invocations=10 (full 0):
 garbage-first heap   total 70656K, used 26649K [0x00000000ca200000, 0x0000000100000000)
  region size 1024K, 5 young (5120K), 5 survivors (5120K)
 Metaspace       used 5118K, committed 5376K, reserved 1114112K
  class space    used 484K, committed 640K, reserved 1048576K
}
Event: 5.425 GC heap before
{Heap before GC invocations=10 (full 0):
 garbage-first heap   total 70656K, used 54297K [0x00000000ca200000, 0x0000000100000000)
  region size 1024K, 32 young (32768K), 5 survivors (5120K)
 Metaspace       used 5123K, committed 5376K, reserved 1114112K
  class space    used 484K, committed 640K, reserved 1048576K
}
Event: 5.434 GC heap after
{Heap after GC invocations=11 (full 0):
 garbage-first heap   total 70656K, used 26558K [0x00000000ca200000, 0x0000000100000000)
  region size 1024K, 2 young (2048K), 2 survivors (2048K)
 Metaspace       used 5123K, committed 5376K, reserved 1114112K
  class space    used 484K, committed 640K, reserved 1048576K
}
Event: 5.567 GC heap before
{Heap before GC invocations=11 (full 0):
 garbage-first heap   total 70656K, used 57278K [0x00000000ca200000, 0x0000000100000000)
  region size 1024K, 30 young (30720K), 2 survivors (2048K)
 Metaspace       used 5127K, committed 5376K, reserved 1114112K
  class space    used 484K, committed 640K, reserved 1048576K
}
Event: 5.577 GC heap after
{Heap after GC invocations=12 (full 0):
 garbage-first heap   total 99328K, used 31966K [0x00000000ca200000, 0x0000000100000000)
  region size 1024K, 4 young (4096K), 4 survivors (4096K)
 Metaspace       used 5127K, committed 5376K, reserved 1114112K
  class space    used 484K, committed 640K, reserved 1048576K
}
Event: 5.774 GC heap before
{Heap before GC invocations=12 (full 0):
 garbage-first heap   total 99328K, used 74974K [0x00000000ca200000, 0x0000000100000000)
  region size 1024K, 46 young (47104K), 4 survivors (4096K)
 Metaspace       used 5127K, committed 5376K, reserved 1114112K
  class space    used 484K, committed 640K, reserved 1048576K
}
Event: 5.783 GC heap after
{Heap after GC invocations=13 (full 0):
 garbage-first heap   total 99328K, used 33379K [0x00000000ca200000, 0x0000000100000000)
  region size 1024K, 2 young (2048K), 2 survivors (2048K)
 Metaspace       used 5127K, committed 5376K, reserved 1114112K
  class space    used 484K, committed 640K, reserved 1048576K
}
Event: 6.177 GC heap before
{Heap before GC invocations=13 (full 0):
 garbage-first heap   total 99328K, used 78435K [0x00000000ca200000, 0x0000000100000000)
  region size 1024K, 46 young (47104K), 2 survivors (2048K)
 Metaspace       used 5145K, committed 5376K, reserved 1114112K
  class space    used 484K, committed 640K, reserved 1048576K
}
Event: 6.182 GC heap after
{Heap after GC invocations=14 (full 0):
 garbage-first heap   total 99328K, used 34013K [0x00000000ca200000, 0x0000000100000000)
  region size 1024K, 2 young (2048K), 2 survivors (2048K)
 Metaspace       used 5145K, committed 5376K, reserved 1114112K
  class space    used 484K, committed 640K, reserved 1048576K
}
Event: 7.622 GC heap before
{Heap before GC invocations=14 (full 0):
 garbage-first heap   total 99328K, used 80093K [0x00000000ca200000, 0x0000000100000000)
  region size 1024K, 47 young (48128K), 2 survivors (2048K)
 Metaspace       used 7359K, committed 7616K, reserved 1114112K
  class space    used 772K, committed 896K, reserved 1048576K
}
Event: 7.632 GC heap after
{Heap after GC invocations=15 (full 0):
 garbage-first heap   total 99328K, used 35955K [0x00000000ca200000, 0x0000000100000000)
  region size 1024K, 4 young (4096K), 4 survivors (4096K)
 Metaspace       used 7359K, committed 7616K, reserved 1114112K
  class space    used 772K, committed 896K, reserved 1048576K
}
Event: 8.578 GC heap before
{Heap before GC invocations=15 (full 0):
 garbage-first heap   total 99328K, used 79987K [0x00000000ca200000, 0x0000000100000000)
  region size 1024K, 47 young (48128K), 4 survivors (4096K)
 Metaspace       used 11639K, committed 11904K, reserved 1114112K
  class space    used 1296K, committed 1472K, reserved 1048576K
}
Event: 8.591 GC heap after
{Heap after GC invocations=16 (full 0):
 garbage-first heap   total 99328K, used 37667K [0x00000000ca200000, 0x0000000100000000)
  region size 1024K, 4 young (4096K), 4 survivors (4096K)
 Metaspace       used 11639K, committed 11904K, reserved 1114112K
  class space    used 1296K, committed 1472K, reserved 1048576K
}

