# JRE version: OpenJDK Runtime Environment Temurin-17.0.11+9 (17.0.11+9) (build 17.0.11+9)
# Java VM: OpenJDK 64-Bit Server VM Temurin-17.0.11+9 (17.0.11+9, mixed mode, sharing, tiered, compressed oops, compressed class ptrs, g1 gc, windows-amd64)
GC Precious Log:
 CPUs: 4 total, 4 available
 Memory: 3440M
 Large Page Support: Disabled
 NUMA Support: Disabled
 Compressed Oops: Enabled (32-bit)
 Heap Region Size: 1M
 Heap Min Capacity: 8M
 Heap Initial Capacity: 54M
 Heap Max Capacity: 862M
 Pre-touch: Disabled
 Parallel Workers: 4
 Concurrent Workers: 1
 Concurrent Refinement Workers: 4
 Periodic GC: Disabled
Heap:
 garbage-first heap   total 140288K, used 102947K [0x00000000ca200000, 0x0000000100000000)
  region size 1024K, 70 young (71680K), 4 survivors (4096K)
 Metaspace       used 16771K, committed 17088K, reserved 1114112K
  class space    used 1902K, committed 2048K, reserved 1048576K
GC Heap History (20 events):
Event: 3.018 GC heap before
{Heap before GC invocations=4 (full 0):
 garbage-first heap   total 55296K, used 38267K [0x00000000ca200000, 0x0000000100000000)
  region size 1024K, 23 young (23552K), 3 survivors (3072K)
 Metaspace       used 4920K, committed 5120K, reserved 1114112K
  class space    used 475K, committed 576K, reserved 1048576K
}
Event: 3.027 GC heap after
{Heap after GC invocations=5 (full 0):
 garbage-first heap   total 55296K, used 20296K [0x00000000ca200000, 0x0000000100000000)
  region size 1024K, 3 young (3072K), 3 survivors (3072K)
 Metaspace       used 4920K, committed 5120K, reserved 1114112K
  class space    used 475K, committed 576K, reserved 1048576K
}
Event: 3.094 GC heap before
{Heap before GC invocations=5 (full 0):
 garbage-first heap   total 55296K, used 37704K [0x00000000ca200000, 0x0000000100000000)
  region size 1024K, 20 young (20480K), 3 survivors (3072K)
 Metaspace       used 4920K, committed 5120K, reserved 1114112K
  class space    used 475K, committed 576K, reserved 1048576K
}
Event: 3.102 GC heap after
{Heap after GC invocations=6 (full 0):
 garbage-first heap   total 55296K, used 21679K [0x00000000ca200000, 0x0000000100000000)
  region size 1024K, 2 young (2048K), 2 survivors (2048K)
 Metaspace       used 4920K, committed 5120K, reserved 1114112K
  class space    used 475K, committed 576K, reserved 1048576K
}
Event: 3.163 GC heap before
{Heap before GC invocations=6 (full 0):
 garbage-first heap   total 55296K, used 39087K [0x00000000ca200000, 0x0000000100000000)
  region size 1024K, 19 young (19456K), 2 survivors (2048K)
 Metaspace       used 4920K, committed 5120K, reserved 1114112K
  class space    used 475K, committed 576K, reserved 1048576K
}
Event: 3.167 GC heap after
{Heap after GC invocations=7 (full 0):
 garbage-first heap   total 86016K, used 21721K [0x00000000ca200000, 0x0000000100000000)
  region size 1024K, 2 young (2048K), 2 survivors (2048K)
 Metaspace       used 4920K, committed 5120K, reserved 1114112K
  class space    used 475K, committed 576K, reserved 1048576K
}
Event: 3.674 GC heap before
{Heap before GC invocations=7 (full 0):
 garbage-first heap   total 86016K, used 59609K [0x00000000ca200000, 0x0000000100000000)
  region size 1024K, 39 young (39936K), 2 survivors (2048K)
 Metaspace       used 4995K, committed 5184K, reserved 1114112K
  class space    used 475K, committed 576K, reserved 1048576K
}
Event: 3.678 GC heap after
{Heap after GC invocations=8 (full 0):
 garbage-first heap   total 86016K, used 22696K [0x00000000ca200000, 0x0000000100000000)
  region size 1024K, 3 young (3072K), 3 survivors (3072K)
 Metaspace       used 4995K, committed 5184K, reserved 1114112K
  class space    used 475K, committed 576K, reserved 1048576K
}
Event: 4.187 GC heap before
{Heap before GC invocations=8 (full 0):
 garbage-first heap   total 86016K, used 66728K [0x00000000ca200000, 0x0000000100000000)
  region size 1024K, 46 young (47104K), 3 survivors (3072K)
 Metaspace       used 5097K, committed 5312K, reserved 1114112K
  class space    used 484K, committed 640K, reserved 1048576K
}
Event: 4.194 GC heap after
{Heap after GC invocations=9 (full 0):
 garbage-first heap   total 86016K, used 25151K [0x00000000ca200000, 0x0000000100000000)
  region size 1024K, 5 young (5120K), 5 survivors (5120K)
 Metaspace       used 5097K, committed 5312K, reserved 1114112K
  class space    used 484K, committed 640K, reserved 1048576K
}
Event: 4.400 GC heap before
{Heap before GC invocations=9 (full 0):
 garbage-first heap   total 86016K, used 66111K [0x00000000ca200000, 0x0000000100000000)
  region size 1024K, 45 young (46080K), 5 survivors (5120K)
 Metaspace       used 5111K, committed 5376K, reserved 1114112K
  class space    used 484K, committed 640K, reserved 1048576K
}
Event: 4.409 GC heap after
{Heap after GC invocations=10 (full 0):
 garbage-first heap   total 86016K, used 27213K [0x00000000ca200000, 0x0000000100000000)
  region size 1024K, 5 young (5120K), 5 survivors (5120K)
 Metaspace       used 5111K, committed 5376K, reserved 1114112K
  class space    used 484K, committed 640K, reserved 1048576K
}
Event: 4.619 GC heap before
{Heap before GC invocations=10 (full 0):
 garbage-first heap   total 86016K, used 69197K [0x00000000ca200000, 0x0000000100000000)
  region size 1024K, 44 young (45056K), 5 survivors (5120K)
 Metaspace       used 5118K, committed 5376K, reserved 1114112K
  class space    used 484K, committed 640K, reserved 1048576K
}
Event: 4.634 GC heap after
{Heap after GC invocations=11 (full 0):
 garbage-first heap   total 86016K, used 33431K [0x00000000ca200000, 0x0000000100000000)
  region size 1024K, 6 young (6144K), 6 survivors (6144K)
 Metaspace       used 5118K, committed 5376K, reserved 1114112K
  class space    used 484K, committed 640K, reserved 1048576K
}
Event: 4.718 GC heap before
{Heap before GC invocations=11 (full 0):
 garbage-first heap   total 86016K, used 66199K [0x00000000ca200000, 0x0000000100000000)
  region size 1024K, 38 young (38912K), 6 survivors (6144K)
 Metaspace       used 5118K, committed 5376K, reserved 1114112K
  class space    used 484K, committed 640K, reserved 1048576K
}
Event: 4.726 GC heap after
{Heap after GC invocations=12 (full 0):
 garbage-first heap   total 86016K, used 34297K [0x00000000ca200000, 0x0000000100000000)
  region size 1024K, 1 young (1024K), 1 survivors (1024K)
 Metaspace       used 5118K, committed 5376K, reserved 1114112K
  class space    used 484K, committed 640K, reserved 1048576K
}
Event: 4.826 GC heap before
{Heap before GC invocations=12 (full 0):
 garbage-first heap   total 86016K, used 67065K [0x00000000ca200000, 0x0000000100000000)
  region size 1024K, 33 young (33792K), 1 survivors (1024K)
 Metaspace       used 5118K, committed 5376K, reserved 1114112K
  class space    used 484K, committed 640K, reserved 1048576K
}
Event: 4.829 GC heap after
{Heap after GC invocations=13 (full 0):
 garbage-first heap   total 140288K, used 34372K [0x00000000ca200000, 0x0000000100000000)
  region size 1024K, 1 young (1024K), 1 survivors (1024K)
 Metaspace       used 5118K, committed 5376K, reserved 1114112K
  class space    used 484K, committed 640K, reserved 1048576K
}
Event: 6.247 GC heap before
{Heap before GC invocations=13 (full 0):
 garbage-first heap   total 140288K, used 112196K [0x00000000ca200000, 0x0000000100000000)
  region size 1024K, 77 young (78848K), 1 survivors (1024K)
 Metaspace       used 8541K, committed 8832K, reserved 1114112K
  class space    used 944K, committed 1088K, reserved 1048576K
}
Event: 6.255 GC heap after
{Heap after GC invocations=14 (full 0):
 garbage-first heap   total 140288K, used 37411K [0x00000000ca200000, 0x0000000100000000)
  region size 1024K, 4 young (4096K), 4 survivors (4096K)
 Metaspace       used 8541K, committed 8832K, reserved 1114112K
  class space    used 944K, committed 1088K, reserved 1048576K
}

